<?xml version="1.0" encoding="UTF-8"?>
<testsuite xmlns:xsi="http://www.w3.org/2001/XMLSchema-instance" xsi:noNamespaceSchemaLocation="https://maven.apache.org/surefire/maven-failsafe-plugin/xsd/failsafe-test-report-3.0.xsd" version="3.0" name="to.charlie.integrationTests.spotifyPlayHistory.CucumberTestIT" time="25.771" tests="16" errors="0" skipped="0" failures="0">
  <properties>
[...]
</properties>
  <testcase name="Play history is not fetched when the user is not authenticated" classname="Recently played tracks are pulled from Spotify and stored" time="6.683">
    <system-out><![CDATA[10:16:21.691 [main] INFO org.testcontainers.images.PullPolicy -- Image pull policy will be performed by: DefaultPullPolicy()
10:16:21.698 [main] INFO org.testcontainers.utility.ImageNameSubstitutor -- Image name substitution will be performed by: DefaultImageNameSubstitutor (composite of 'ConfigurationFileImageNameSubstitutor' and 'PrefixingImageNameSubstitutor')
10:16:21.710 [main] INFO org.testcontainers.DockerClientFactory -- Testcontainers version: 2.0.5
10:16:21.890 [main] INFO org.testcontainers.dockerclient.DockerClientProviderStrategy -- Loaded org.testcontainers.dockerclient.UnixSocketClientProviderStrategy from ~/.testcontainers.properties, will try it first
10:16:22.101 [main] INFO org.testcontainers.dockerclient.DockerClientProviderStrategy -- Found Docker environment with local Unix socket (unix:///var/run/docker.sock)
10:16:22.102 [main] INFO org.testcontainers.DockerClientFactory -- Docker host IP address is localhost
10:16:22.113 [main] INFO org.testcontainers.DockerClientFactory -- Connected to docker: 
  Server Version: 29.6.2
  API Version: 1.55
  Operating System: Docker Desktop
  Total Memory: 7936 MB
  Labels: 
    com.docker.desktop.address=unix:///Users/charlierobinson/Library/Containers/com.docker.docker/Data/docker-cli.sock
10:16:22.222 [main] INFO tc.testcontainers/ryuk:0.14.0 -- Creating container for image: testcontainers/ryuk:0.14.0
10:16:22.362 [main] INFO org.testcontainers.utility.RegistryAuthLocator -- Credential helper/store (docker-credential-desktop) does not have credentials for https://index.docker.io/v1/
10:16:22.426 [main] INFO tc.testcontainers/ryuk:0.14.0 -- Container testcontainers/ryuk:0.14.0 is starting: 1c9bcfa189ae0e46cec22be461321a75b24724ac879260b83775fdd6bad149a3
10:16:22.638 [main] INFO tc.testcontainers/ryuk:0.14.0 -- Container testcontainers/ryuk:0.14.0 started in PT0.415602S
10:16:22.640 [main] INFO org.testcontainers.utility.RyukResourceReaper -- Ryuk started - will monitor and terminate Testcontainers containers on JVM exit
10:16:22.640 [main] INFO org.testcontainers.DockerClientFactory -- Checking the system...
10:16:22.641 [main] INFO org.testcontainers.DockerClientFactory -- ✔︎ Docker server version should be at least 1.6.0
10:16:22.641 [main] INFO tc.postgres:15.2-alpine -- Creating container for image: postgres:15.2-alpine
10:16:22.675 [main] INFO tc.postgres:15.2-alpine -- Container postgres:15.2-alpine is starting: 6776c88ef0f52bc15b677ace4797190d02654b81c1f4cc91a69d8efc51eea858
10:16:23.436 [main] INFO tc.postgres:15.2-alpine -- Container postgres:15.2-alpine started in PT0.794631S
10:16:23.439 [main] INFO tc.postgres:15.2-alpine -- Container is started (JDBC URL: jdbc:postgresql://localhost:63034/spotify?loggerLevel=OFF)
10:16:23.439 [main] INFO to.charlie.integrationTests.spotifyPlayHistory.PostgresContainer -- PostgresContainer is starting.
10:16:23.439 [main] INFO to.charlie.integrationTests.spotifyPlayHistory.PostgresContainer -- PostgresContainer started with URL: jdbc:postgresql://localhost:63034/spotify?loggerLevel=OFF
10:16:23.440 [main] INFO tc.wiremock/wiremock:3.9.1 -- Creating container for image: wiremock/wiremock:3.9.1
10:16:23.481 [main] INFO tc.wiremock/wiremock:3.9.1 -- Container wiremock/wiremock:3.9.1 is starting: 68079842eed9ee6c3be7d2d0a0d48486aebc2efe79eef4a2901ff5e3bf487ece
10:16:23.969 [main] INFO tc.wiremock/wiremock:3.9.1 -- Container wiremock/wiremock:3.9.1 started in PT0.528965S
10:16:23.969 [main] INFO to.charlie.integrationTests.spotifyPlayHistory.WireMockContainer -- WireMockContainer is starting.
10:16:23.970 [main] INFO to.charlie.integrationTests.spotifyPlayHistory.WireMockContainer -- WireMockContainer started with base URL: http://localhost:63036

  .   ____          _            __ _ _
 /\\ / ___'_ __ _ _(_)_ __  __ _ \ \ \ \
( ( )\___ | '_ | '_| | '_ \/ _` | \ \ \ \
 \\/  ___)| |_)| | | | | || (_| |  ) ) ) )
  '  |____| .__|_| |_|_| |_\__, | / / / /
 =========|_|==============|___/=/_/_/_/

 :: Spring Boot ::                (v4.0.6)

2026-07-29T10:16:24.152Z  INFO 552 --- [           main] t.c.i.s.CucumberSpringConfiguration      : Starting CucumberSpringConfiguration using Java 25.0.3 with PID 552 (started by charlierobinson in /Users/charlierobinson/Documents/spotify-history/integration-tests)
2026-07-29T10:16:24.153Z  INFO 552 --- [           main] t.c.i.s.CucumberSpringConfiguration      : No active profile set, falling back to 1 default profile: "default"
2026-07-29T10:16:24.361Z  INFO 552 --- [           main] .s.d.r.c.RepositoryConfigurationDelegate : Bootstrapping Spring Data JPA repositories in DEFAULT mode.
2026-07-29T10:16:24.381Z  INFO 552 --- [           main] .s.d.r.c.RepositoryConfigurationDelegate : Finished Spring Data repository scanning in 16 ms. Found 6 JPA repository interfaces.
2026-07-29T10:16:24.552Z  INFO 552 --- [           main] o.s.boot.tomcat.TomcatWebServer          : Tomcat initialized with port 28080 (http)
2026-07-29T10:16:24.556Z  INFO 552 --- [           main] o.apache.catalina.core.StandardService   : Starting service [Tomcat]
2026-07-29T10:16:24.556Z  INFO 552 --- [           main] o.apache.catalina.core.StandardEngine    : Starting Servlet engine: [Apache Tomcat/11.0.21]
2026-07-29T10:16:24.570Z  INFO 552 --- [           main] b.w.c.s.WebApplicationContextInitializer : Root WebApplicationContext: initialization completed in 408 ms
2026-07-29T10:16:24.686Z  INFO 552 --- [           main] com.zaxxer.hikari.HikariDataSource       : HikariPool-1 - Starting...
2026-07-29T10:16:24.741Z  INFO 552 --- [           main] com.zaxxer.hikari.pool.HikariPool        : HikariPool-1 - Added connection org.postgresql.jdbc.PgConnection@57ed8f95
2026-07-29T10:16:24.742Z  INFO 552 --- [           main] com.zaxxer.hikari.HikariDataSource       : HikariPool-1 - Start completed.
2026-07-29T10:16:24.751Z  INFO 552 --- [           main] org.flywaydb.core.FlywayExecutor         : Database: jdbc:postgresql://localhost:63034/spotify?loggerLevel=OFF (PostgreSQL 15.2)
2026-07-29T10:16:24.768Z  INFO 552 --- [           main] o.f.c.i.s.JdbcTableSchemaHistory         : Schema history table "public"."flyway_schema_history" does not exist yet
2026-07-29T10:16:24.769Z  INFO 552 --- [           main] o.f.core.internal.command.DbValidate     : Successfully validated 2 migrations (execution time 00:00.005s)
2026-07-29T10:16:24.780Z  INFO 552 --- [           main] o.f.c.i.s.JdbcTableSchemaHistory         : Creating Schema History table "public"."flyway_schema_history" ...
2026-07-29T10:16:24.805Z  INFO 552 --- [           main] o.f.core.internal.command.DbMigrate      : Current version of schema "public": << Empty Schema >>
2026-07-29T10:16:24.808Z  INFO 552 --- [           main] o.f.core.internal.command.DbMigrate      : Migrating schema "public" to version "1.0.0 - baseline"
2026-07-29T10:16:24.825Z  INFO 552 --- [           main] o.f.core.internal.command.DbMigrate      : Migrating schema "public" to version "2.0.0 - model update"
2026-07-29T10:16:24.846Z  INFO 552 --- [           main] o.f.core.internal.command.DbMigrate      : Successfully applied 2 migrations to schema "public", now at version v2.0.0 (execution time 00:00.026s)
2026-07-29T10:16:24.886Z  INFO 552 --- [           main] org.hibernate.orm.jpa                    : HHH008540: Processing PersistenceUnitInfo [name: default]
2026-07-29T10:16:24.901Z  INFO 552 --- [           main] org.hibernate.orm.core                   : HHH000001: Hibernate ORM core version 7.2.12.Final
2026-07-29T10:16:25.014Z  INFO 552 --- [           main] o.s.o.j.p.SpringPersistenceUnitInfo      : No LoadTimeWeaver setup: ignoring JPA class transformer
2026-07-29T10:16:25.044Z  INFO 552 --- [           main] org.hibernate.orm.connections.pooling    : HHH10001005: Database info:
	Database JDBC URL [jdbc:postgresql://localhost:63034/spotify?loggerLevel=OFF]
	Database driver: PostgreSQL JDBC Driver
	Database dialect: PostgreSQLDialect
	Database version: 15.2
	Default catalog/schema: spotify/public
	Autocommit mode: undefined/unknown
	Isolation level: READ_COMMITTED [default READ_COMMITTED]
	JDBC fetch size: none
	Pool: DataSourceConnectionProvider
	Minimum pool size: undefined/unknown
	Maximum pool size: undefined/unknown
2026-07-29T10:16:25.305Z  INFO 552 --- [           main] org.hibernate.orm.core                   : HHH000489: No JTA platform available (set 'hibernate.transaction.jta.platform' to enable JTA platform integration)
2026-07-29T10:16:25.307Z  INFO 552 --- [           main] j.LocalContainerEntityManagerFactoryBean : Initialized JPA EntityManagerFactory for persistence unit 'default'
2026-07-29T10:16:25.336Z  INFO 552 --- [           main] o.s.d.j.r.query.QueryEnhancerFactories   : Hibernate is in classpath; If applicable, HQL parser will be used.
2026-07-29T10:16:25.590Z  INFO 552 --- [           main] t.c.s.domain.service.SpotifyApiService   : no refresh token present
2026-07-29T10:16:25.631Z  INFO 552 --- [           main] t.c.s.config.FlywayMigrator              : Starting migrator
2026-07-29T10:16:25.639Z  INFO 552 --- [           main] t.c.s.config.FlywayMigrator              : Got 0 tracks to update
2026-07-29T10:16:25.650Z  INFO 552 --- [           main] t.c.s.config.FlywayMigrator              : Migrator done
2026-07-29T10:16:25.666Z  WARN 552 --- [           main] JpaBaseConfiguration$JpaWebConfiguration : spring.jpa.open-in-view is enabled by default. Therefore, database queries may be performed during view rendering. Explicitly configure spring.jpa.open-in-view to disable this warning
2026-07-29T10:16:25.784Z  INFO 552 --- [           main] o.s.boot.tomcat.TomcatWebServer          : Tomcat started on port 28080 (http) with context path '/'
2026-07-29T10:16:25.788Z  INFO 552 --- [           main] t.c.i.s.CucumberSpringConfiguration      : Started CucumberSpringConfiguration in 1.728 seconds (process running for 4.864)
2026-07-29T10:16:26.079Z  INFO 552 --- [           main] t.c.s.domain.service.SpotifyApiService   : Skipping getting play history
]]></system-out>
    <system-err><![CDATA[Mockito is currently self-attaching to enable the inline-mock-maker. This will no longer work in future releases of the JDK. Please add Mockito as an agent to your build as described in Mockito's documentation: https://javadoc.io/doc/org.mockito/mockito-core/latest/org.mockito/org/mockito/Mockito.html#0.3
WARNING: A Java agent has been loaded dynamically (/Users/charlierobinson/.m2/repository/net/bytebuddy/byte-buddy-agent/1.17.8/byte-buddy-agent-1.17.8.jar)
WARNING: If a serviceability tool is in use, please run with -XX:+EnableDynamicAgentLoading to hide this warning
WARNING: If a serviceability tool is not in use, please run with -Djdk.instrument.traceUsage for more information
WARNING: Dynamic loading of agents will be disallowed by default in a future release
]]></system-err>
  </testcase>
  <testcase name="Recently played tracks are stored with their track, album and artists" classname="Recently played tracks are pulled from Spotify and stored" time="0.638">
    <system-out><![CDATA[2026-07-29T10:16:30.738Z  INFO 552 --- [           main] t.c.i.s.steps.WiremockSteps              : Stubbed POST URL: /api/token with data from spotify/token/token-response.json
2026-07-29T10:16:30.786Z  INFO 552 --- [io-28080-exec-1] o.a.c.c.C.[Tomcat].[localhost].[/]       : Initializing Spring DispatcherServlet 'dispatcherServlet'
2026-07-29T10:16:30.786Z  INFO 552 --- [io-28080-exec-1] o.s.web.servlet.DispatcherServlet        : Initializing Servlet 'dispatcherServlet'
2026-07-29T10:16:30.786Z  INFO 552 --- [io-28080-exec-1] o.s.web.servlet.DispatcherServlet        : Completed initialization in 0 ms
2026-07-29T10:16:30.834Z  INFO 552 --- [io-28080-exec-1] t.c.s.restful.SpotifyAuthController      : Refresh credentials expire in: 3600
2026-07-29T10:16:30.844Z  INFO 552 --- [           main] t.c.i.s.steps.WiremockSteps              : Stubbed URL: /v1/me/player/recently-played?limit=50 with data from spotify/player/recently-played-two-tracks.json
2026-07-29T10:16:30.846Z  INFO 552 --- [           main] t.c.i.s.steps.WiremockSteps              : Stubbed URL: /v1/tracks/track-one with data from spotify/tracks/track-one.json
2026-07-29T10:16:30.848Z  INFO 552 --- [           main] t.c.i.s.steps.WiremockSteps              : Stubbed URL: /v1/tracks/track-two with data from spotify/tracks/track-two.json
2026-07-29T10:16:30.848Z  INFO 552 --- [           main] t.c.s.domain.service.SpotifyApiService   : getting play history
2026-07-29T10:16:30.857Z  INFO 552 --- [pool-6-thread-1] t.c.s.domain.service.SpotifyApiService   : Got play history 2 items
2026-07-29T10:16:30.857Z  INFO 552 --- [pool-6-thread-1] t.c.s.domain.service.SpotifyApiService   : Checking item First Song at time 1705312800000
2026-07-29T10:16:30.890Z  INFO 552 --- [pool-6-thread-1] t.c.s.domain.service.SpotifyApiService   : Saved new play at time 1705312800000 name First Song
2026-07-29T10:16:30.890Z  INFO 552 --- [pool-6-thread-1] t.c.s.domain.service.SpotifyApiService   : Checking item Second Song at time 1705316400000
2026-07-29T10:16:30.901Z  INFO 552 --- [pool-6-thread-1] t.c.s.domain.service.SpotifyApiService   : Saved new play at time 1705316400000 name Second Song
]]></system-out>
  </testcase>
  <testcase name="Plays that are already stored are not fetched or saved again" classname="Recently played tracks are pulled from Spotify and stored" time="0.603">
    <system-out><![CDATA[2026-07-29T10:16:31.319Z  INFO 552 --- [           main] t.c.i.s.steps.WiremockSteps              : Stubbed POST URL: /api/token with data from spotify/token/token-response.json
2026-07-29T10:16:31.326Z  INFO 552 --- [io-28080-exec-2] t.c.s.restful.SpotifyAuthController      : Refresh credentials expire in: 3600
2026-07-29T10:16:31.330Z  INFO 552 --- [           main] t.c.i.s.steps.WiremockSteps              : Stubbed URL: /v1/me/player/recently-played?limit=50 with data from spotify/player/recently-played-two-tracks.json
2026-07-29T10:16:31.332Z  INFO 552 --- [           main] t.c.i.s.steps.WiremockSteps              : Stubbed URL: /v1/tracks/track-one with data from spotify/tracks/track-one.json
2026-07-29T10:16:31.335Z  INFO 552 --- [           main] t.c.i.s.steps.WiremockSteps              : Stubbed URL: /v1/tracks/track-two with data from spotify/tracks/track-two.json
2026-07-29T10:16:31.335Z  INFO 552 --- [           main] t.c.s.domain.service.SpotifyApiService   : getting play history
2026-07-29T10:16:31.338Z  INFO 552 --- [pool-6-thread-1] t.c.s.domain.service.SpotifyApiService   : Got play history 2 items
2026-07-29T10:16:31.338Z  INFO 552 --- [pool-6-thread-1] t.c.s.domain.service.SpotifyApiService   : Checking item First Song at time 1705312800000
2026-07-29T10:16:31.352Z  INFO 552 --- [pool-6-thread-1] t.c.s.domain.service.SpotifyApiService   : Saved new play at time 1705312800000 name First Song
2026-07-29T10:16:31.352Z  INFO 552 --- [pool-6-thread-1] t.c.s.domain.service.SpotifyApiService   : Checking item Second Song at time 1705316400000
2026-07-29T10:16:31.366Z  INFO 552 --- [pool-6-thread-1] t.c.s.domain.service.SpotifyApiService   : Saved new play at time 1705316400000 name Second Song
2026-07-29T10:16:31.438Z  INFO 552 --- [           main] t.c.s.domain.service.SpotifyApiService   : getting play history
2026-07-29T10:16:31.441Z  INFO 552 --- [pool-6-thread-1] t.c.s.domain.service.SpotifyApiService   : Got play history 2 items
2026-07-29T10:16:31.441Z  INFO 552 --- [pool-6-thread-1] t.c.s.domain.service.SpotifyApiService   : Checking item First Song at time 1705312800000
2026-07-29T10:16:31.442Z  INFO 552 --- [pool-6-thread-1] t.c.s.domain.service.SpotifyApiService   : Skipping song at time 1705312800000 name First Song
2026-07-29T10:16:31.442Z  INFO 552 --- [pool-6-thread-1] t.c.s.domain.service.SpotifyApiService   : Checking item Second Song at time 1705316400000
2026-07-29T10:16:31.443Z  INFO 552 --- [pool-6-thread-1] t.c.s.domain.service.SpotifyApiService   : Skipping song at time 1705316400000 name Second Song
]]></system-out>
  </testcase>
  <testcase name="Podcast episodes in the play history are ignored" classname="Recently played tracks are pulled from Spotify and stored" time="2.361">
    <system-out><![CDATA[2026-07-29T10:16:31.916Z  INFO 552 --- [           main] t.c.i.s.steps.WiremockSteps              : Stubbed POST URL: /api/token with data from spotify/token/token-response.json
2026-07-29T10:16:31.923Z  INFO 552 --- [io-28080-exec-3] t.c.s.restful.SpotifyAuthController      : Refresh credentials expire in: 3600
2026-07-29T10:16:31.926Z  INFO 552 --- [           main] t.c.i.s.steps.WiremockSteps              : Stubbed URL: /v1/me/player/recently-played?limit=50 with data from spotify/player/recently-played-with-podcast.json
2026-07-29T10:16:31.929Z  INFO 552 --- [           main] t.c.i.s.steps.WiremockSteps              : Stubbed URL: /v1/tracks/track-one with data from spotify/tracks/track-one.json
2026-07-29T10:16:31.929Z  INFO 552 --- [           main] t.c.s.domain.service.SpotifyApiService   : getting play history
2026-07-29T10:16:31.931Z  INFO 552 --- [pool-6-thread-1] t.c.s.domain.service.SpotifyApiService   : Got play history 2 items
2026-07-29T10:16:31.931Z  INFO 552 --- [pool-6-thread-1] t.c.s.domain.service.SpotifyApiService   : Checking item First Song at time 1705312800000
2026-07-29T10:16:31.946Z  INFO 552 --- [pool-6-thread-1] t.c.s.domain.service.SpotifyApiService   : Saved new play at time 1705312800000 name First Song
2026-07-29T10:16:31.946Z  INFO 552 --- [pool-6-thread-1] t.c.s.domain.service.SpotifyApiService   : Checking item An Interesting Podcast at time 1705316400000
2026-07-29T10:16:31.947Z  INFO 552 --- [pool-6-thread-1] t.c.s.domain.service.SpotifyApiService   : Skipping song at time 1705316400000 name An Interesting Podcast
]]></system-out>
  </testcase>
  <testcase name="A second page of history is fetched using the oldest play time" classname="Recently played tracks are pulled from Spotify and stored" time="0.269">
    <system-out><![CDATA[2026-07-29T10:16:34.279Z  INFO 552 --- [           main] t.c.i.s.steps.WiremockSteps              : Stubbed POST URL: /api/token with data from spotify/token/token-response.json
2026-07-29T10:16:34.288Z  INFO 552 --- [io-28080-exec-4] t.c.s.restful.SpotifyAuthController      : Refresh credentials expire in: 3600
2026-07-29T10:16:34.291Z  INFO 552 --- [           main] t.c.i.s.steps.WiremockSteps              : Stubbed URL: /v1/me/player/recently-played?limit=50 with data from spotify/player/recently-played-page-one.json
2026-07-29T10:16:34.292Z  INFO 552 --- [           main] t.c.i.s.steps.WiremockSteps              : Stubbed URL: /v1/me/player/recently-played?limit=50&before=2024-01-15T10%3A59%3A59 with data from spotify/player/recently-played-page-two.json
2026-07-29T10:16:34.295Z  INFO 552 --- [           main] t.c.i.s.steps.WiremockSteps              : Stubbed URL: /v1/tracks/track-one with data from spotify/tracks/track-one.json
2026-07-29T10:16:34.301Z  INFO 552 --- [           main] t.c.i.s.steps.WiremockSteps              : Stubbed URL: /v1/tracks/track-two with data from spotify/tracks/track-two.json
2026-07-29T10:16:34.304Z  INFO 552 --- [           main] t.c.i.s.steps.WiremockSteps              : Stubbed URL: /v1/tracks/track-three with data from spotify/tracks/track-three.json
2026-07-29T10:16:34.304Z  INFO 552 --- [           main] t.c.s.domain.service.SpotifyApiService   : getting play history
2026-07-29T10:16:34.307Z  INFO 552 --- [pool-6-thread-1] t.c.s.domain.service.SpotifyApiService   : Got play history 2 items
2026-07-29T10:16:34.307Z  INFO 552 --- [pool-6-thread-1] t.c.s.domain.service.SpotifyApiService   : Checking item Second Song at time 1705316400000
2026-07-29T10:16:34.322Z  INFO 552 --- [pool-6-thread-1] t.c.s.domain.service.SpotifyApiService   : Saved new play at time 1705316400000 name Second Song
2026-07-29T10:16:34.322Z  INFO 552 --- [pool-6-thread-1] t.c.s.domain.service.SpotifyApiService   : Checking item Third Song at time 1705320000000
2026-07-29T10:16:34.333Z  INFO 552 --- [pool-6-thread-1] t.c.s.domain.service.SpotifyApiService   : Saved new play at time 1705320000000 name Third Song
2026-07-29T10:16:34.333Z  INFO 552 --- [pool-6-thread-1] t.c.s.domain.service.SpotifyApiService   : more results to get https://api.spotify.com/v1/me/player/recently-played?before=1705316399999&limit=50
2026-07-29T10:16:34.333Z  INFO 552 --- [pool-6-thread-1] t.c.s.domain.service.SpotifyApiService   : Calling again with before value of 1705316399999
2026-07-29T10:16:34.336Z  INFO 552 --- [pool-6-thread-2] t.c.s.domain.service.SpotifyApiService   : Got play history 1 items
2026-07-29T10:16:34.336Z  INFO 552 --- [pool-6-thread-2] t.c.s.domain.service.SpotifyApiService   : Checking item First Song at time 1705312800000
2026-07-29T10:16:34.344Z  INFO 552 --- [pool-6-thread-2] t.c.s.domain.service.SpotifyApiService   : Saved new play at time 1705312800000 name First Song
]]></system-out>
  </testcase>
  <testcase name="A track lookup failure stops the run without saving the play" classname="Recently played tracks are pulled from Spotify and stored" time="4.498">
    <system-out><![CDATA[2026-07-29T10:16:34.542Z  INFO 552 --- [           main] t.c.i.s.steps.WiremockSteps              : Stubbed POST URL: /api/token with data from spotify/token/token-response.json
2026-07-29T10:16:34.547Z  INFO 552 --- [io-28080-exec-6] t.c.s.restful.SpotifyAuthController      : Refresh credentials expire in: 3600
2026-07-29T10:16:34.550Z  INFO 552 --- [           main] t.c.i.s.steps.WiremockSteps              : Stubbed URL: /v1/me/player/recently-played?limit=50 with data from spotify/player/recently-played-one-track.json
2026-07-29T10:16:34.552Z  INFO 552 --- [           main] t.c.i.s.steps.WiremockSteps              : Stubbed URL: /v1/tracks/track-one with status 500
2026-07-29T10:16:34.552Z  INFO 552 --- [           main] t.c.s.domain.service.SpotifyApiService   : getting play history
2026-07-29T10:16:34.554Z  INFO 552 --- [pool-6-thread-2] t.c.s.domain.service.SpotifyApiService   : Got play history 1 items
2026-07-29T10:16:34.554Z  INFO 552 --- [pool-6-thread-2] t.c.s.domain.service.SpotifyApiService   : Checking item First Song at time 1705312800000
2026-07-29T10:16:34.556Z ERROR 552 --- [pool-6-thread-2] t.c.s.domain.service.SpotifyApiService   : Error getting full track info

se.michaelthelin.spotify.exceptions.detailed.InternalServerErrorException: stubbed failure
	at se.michaelthelin.spotify.SpotifyHttpManager.getResponseBody(SpotifyHttpManager.java:337) ~[spotify-web-api-java-7.2.0.jar:na]
	at se.michaelthelin.spotify.SpotifyHttpManager.get(SpotifyHttpManager.java:160) ~[spotify-web-api-java-7.2.0.jar:na]
	at to.charlie.integrationTests.spotifyPlayHistory.utilities.RewritingHttpManager.get(RewritingHttpManager.java:42) ~[test-classes/:na]
	at se.michaelthelin.spotify.requests.AbstractRequest.getJson(AbstractRequest.java:110) ~[spotify-web-api-java-7.2.0.jar:na]
	at se.michaelthelin.spotify.requests.data.tracks.GetTrackRequest.execute(GetTrackRequest.java:38) ~[spotify-web-api-java-7.2.0.jar:na]
	at to.charlie.spotifyplayhistory.domain.service.SpotifyApiService.savePlayHistory(SpotifyApiService.java:219) ~[spotify-history-application-0.0.1-SNAPSHOT.jar:0.0.1-SNAPSHOT]
	at java.base/java.util.concurrent.CompletableFuture$UniAccept.tryFire(CompletableFuture.java:739) ~[na:na]
	at java.base/java.util.concurrent.CompletableFuture.postComplete(CompletableFuture.java:531) ~[na:na]
	at java.base/java.util.concurrent.CompletableFuture.complete(CompletableFuture.java:2206) ~[na:na]
	at se.michaelthelin.spotify.SpotifyApiThreading.lambda$executeAsync$0(SpotifyApiThreading.java:17) ~[spotify-web-api-java-7.2.0.jar:na]
	at java.base/java.util.concurrent.ThreadPoolExecutor.runWorker(ThreadPoolExecutor.java:1090) ~[na:na]
	at java.base/java.util.concurrent.ThreadPoolExecutor$Worker.run(ThreadPoolExecutor.java:614) ~[na:na]
	at java.base/java.lang.Thread.run(Thread.java:1474) ~[na:na]

]]></system-out>
  </testcase>
  <testcase name="An album and artist shared by two tracks are only stored once" classname="Recently played tracks are pulled from Spotify and stored" time="0.368">
    <system-out><![CDATA[2026-07-29T10:16:39.041Z  INFO 552 --- [           main] t.c.i.s.steps.WiremockSteps              : Stubbed POST URL: /api/token with data from spotify/token/token-response.json
2026-07-29T10:16:39.048Z  INFO 552 --- [io-28080-exec-5] t.c.s.restful.SpotifyAuthController      : Refresh credentials expire in: 3600
2026-07-29T10:16:39.051Z  INFO 552 --- [           main] t.c.i.s.steps.WiremockSteps              : Stubbed URL: /v1/me/player/recently-played?limit=50 with data from spotify/player/recently-played-shared-album.json
2026-07-29T10:16:39.053Z  INFO 552 --- [           main] t.c.i.s.steps.WiremockSteps              : Stubbed URL: /v1/tracks/track-one with data from spotify/tracks/track-one.json
2026-07-29T10:16:39.054Z  INFO 552 --- [           main] t.c.i.s.steps.WiremockSteps              : Stubbed URL: /v1/tracks/track-three with data from spotify/tracks/track-three.json
2026-07-29T10:16:39.054Z  INFO 552 --- [           main] t.c.s.domain.service.SpotifyApiService   : getting play history
2026-07-29T10:16:39.058Z  INFO 552 --- [pool-6-thread-2] t.c.s.domain.service.SpotifyApiService   : Got play history 2 items
2026-07-29T10:16:39.058Z  INFO 552 --- [pool-6-thread-2] t.c.s.domain.service.SpotifyApiService   : Checking item First Song at time 1705312800000
2026-07-29T10:16:39.074Z  INFO 552 --- [pool-6-thread-2] t.c.s.domain.service.SpotifyApiService   : Saved new play at time 1705312800000 name First Song
2026-07-29T10:16:39.074Z  INFO 552 --- [pool-6-thread-2] t.c.s.domain.service.SpotifyApiService   : Checking item Third Song at time 1705316400000
2026-07-29T10:16:39.082Z  INFO 552 --- [pool-6-thread-2] t.c.s.domain.service.SpotifyApiService   : Saved new play at time 1705316400000 name Third Song
]]></system-out>
  </testcase>
  <testcase name="A playlist is created from the most played tracks in the range" classname="Playlists are created from the most played tracks" time="0.416">
    <system-out><![CDATA[2026-07-29T10:16:39.410Z  INFO 552 --- [           main] t.c.i.s.steps.WiremockSteps              : Stubbed POST URL: /api/token with data from spotify/token/token-response.json
2026-07-29T10:16:39.417Z  INFO 552 --- [io-28080-exec-8] t.c.s.restful.SpotifyAuthController      : Refresh credentials expire in: 3600
2026-07-29T10:16:39.421Z  INFO 552 --- [           main] t.c.i.s.steps.WiremockSteps              : Stubbed URL: /v1/me with data from spotify/me.json
2026-07-29T10:16:39.423Z  INFO 552 --- [           main] t.c.i.s.steps.WiremockSteps              : Stubbed POST URL: /v1/users/user-one/playlists with data from spotify/playlists/created-playlist.json
2026-07-29T10:16:39.428Z  INFO 552 --- [           main] t.c.i.s.steps.WiremockSteps              : Stubbed POST URL: /v1/playlists/playlist-one/tracks?uris=spotify%3Atrack%3Atrack-one%2Cspotify%3Atrack%3Atrack-two with data from spotify/playlists/snapshot.json
2026-07-29T10:16:39.432Z  INFO 552 --- [io-28080-exec-9] t.c.s.r.PlayListCreationController       : Received playlist creation request
2026-07-29T10:16:39.447Z  INFO 552 --- [io-28080-exec-9] t.c.s.domain.service.SpotifyApiService   : Created playlist SnapshotResult(snapshotId=snapshot-one)
]]></system-out>
  </testcase>
  <testcase name="Only plays inside the requested date range are counted" classname="Playlists are created from the most played tracks" time="0.162">
    <system-out><![CDATA[2026-07-29T10:16:39.826Z  INFO 552 --- [           main] t.c.i.s.steps.WiremockSteps              : Stubbed POST URL: /api/token with data from spotify/token/token-response.json
2026-07-29T10:16:39.832Z  INFO 552 --- [io-28080-exec-7] t.c.s.restful.SpotifyAuthController      : Refresh credentials expire in: 3600
2026-07-29T10:16:39.835Z  INFO 552 --- [           main] t.c.i.s.steps.WiremockSteps              : Stubbed URL: /v1/me with data from spotify/me.json
2026-07-29T10:16:39.837Z  INFO 552 --- [           main] t.c.i.s.steps.WiremockSteps              : Stubbed POST URL: /v1/users/user-one/playlists with data from spotify/playlists/created-playlist.json
2026-07-29T10:16:39.842Z  INFO 552 --- [           main] t.c.i.s.steps.WiremockSteps              : Stubbed POST URL: /v1/playlists/playlist-one/tracks?uris=spotify%3Atrack%3Atrack-one%2Cspotify%3Atrack%3Atrack-two with data from spotify/playlists/snapshot.json
2026-07-29T10:16:39.844Z  INFO 552 --- [io-28080-exec-5] t.c.s.r.PlayListCreationController       : Received playlist creation request
2026-07-29T10:16:39.851Z  INFO 552 --- [io-28080-exec-5] t.c.s.domain.service.SpotifyApiService   : Created playlist SnapshotResult(snapshotId=snapshot-one)
]]></system-out>
  </testcase>
  <testcase name="A range with no plays in it is rejected and never reaches Spotify" classname="Playlists are created from the most played tracks" time="4.389">
    <system-out><![CDATA[2026-07-29T10:16:39.989Z  INFO 552 --- [           main] t.c.i.s.steps.WiremockSteps              : Stubbed POST URL: /api/token with data from spotify/token/token-response.json
2026-07-29T10:16:39.995Z  INFO 552 --- [io-28080-exec-8] t.c.s.restful.SpotifyAuthController      : Refresh credentials expire in: 3600
2026-07-29T10:16:39.997Z  INFO 552 --- [           main] t.c.i.s.steps.WiremockSteps              : Stubbed URL: /v1/me with data from spotify/me.json
2026-07-29T10:16:39.999Z  INFO 552 --- [           main] t.c.i.s.steps.WiremockSteps              : Stubbed POST URL: /v1/users/user-one/playlists with data from spotify/playlists/created-playlist.json
2026-07-29T10:16:40.001Z  INFO 552 --- [io-28080-exec-9] t.c.s.r.PlayListCreationController       : Received playlist creation request
]]></system-out>
  </testcase>
  <testcase name="A Spotify failure while creating the playlist is swallowed" classname="Playlists are created from the most played tracks" time="0.16">
    <system-out><![CDATA[2026-07-29T10:16:44.376Z  INFO 552 --- [           main] t.c.i.s.steps.WiremockSteps              : Stubbed POST URL: /api/token with data from spotify/token/token-response.json
2026-07-29T10:16:44.383Z  INFO 552 --- [o-28080-exec-10] t.c.s.restful.SpotifyAuthController      : Refresh credentials expire in: 3600
2026-07-29T10:16:44.387Z  INFO 552 --- [           main] t.c.i.s.steps.WiremockSteps              : Stubbed URL: /v1/me with data from spotify/me.json
2026-07-29T10:16:44.389Z  INFO 552 --- [           main] t.c.i.s.steps.WiremockSteps              : Stubbed POST URL: /v1/users/user-one/playlists with data from spotify/playlists/created-playlist.json
2026-07-29T10:16:44.392Z  INFO 552 --- [           main] t.c.i.s.steps.WiremockSteps              : Stubbed POST URL: /v1/users/user-one/playlists with status 500
2026-07-29T10:16:44.393Z  INFO 552 --- [io-28080-exec-2] t.c.s.r.PlayListCreationController       : Received playlist creation request
2026-07-29T10:16:44.399Z ERROR 552 --- [io-28080-exec-2] t.c.s.r.PlayListCreationController       : Error during playlist creation 

se.michaelthelin.spotify.exceptions.detailed.InternalServerErrorException: stubbed failure
	at se.michaelthelin.spotify.SpotifyHttpManager.getResponseBody(SpotifyHttpManager.java:337) ~[spotify-web-api-java-7.2.0.jar:na]
	at se.michaelthelin.spotify.SpotifyHttpManager.post(SpotifyHttpManager.java:183) ~[spotify-web-api-java-7.2.0.jar:na]
	at to.charlie.integrationTests.spotifyPlayHistory.utilities.RewritingHttpManager.post(RewritingHttpManager.java:48) ~[test-classes/:na]
	at se.michaelthelin.spotify.requests.AbstractRequest.postJson(AbstractRequest.java:121) ~[spotify-web-api-java-7.2.0.jar:na]
	at se.michaelthelin.spotify.requests.data.playlists.CreatePlaylistRequest.execute(CreatePlaylistRequest.java:39) ~[spotify-web-api-java-7.2.0.jar:na]
	at to.charlie.spotifyplayhistory.domain.service.SpotifyApiService.createPlaylistWithNameAndTracks(SpotifyApiService.java:332) ~[spotify-history-application-0.0.1-SNAPSHOT.jar:0.0.1-SNAPSHOT]
	at to.charlie.spotifyplayhistory.restful.PlayListCreationController.createPlaylist(PlayListCreationController.java:70) ~[spotify-history-application-0.0.1-SNAPSHOT.jar:0.0.1-SNAPSHOT]
	at java.base/jdk.internal.reflect.DirectMethodHandleAccessor.invoke(DirectMethodHandleAccessor.java:104) ~[na:na]
	at java.base/java.lang.reflect.Method.invoke(Method.java:565) ~[na:na]
	at org.springframework.web.method.support.InvocableHandlerMethod.doInvoke(InvocableHandlerMethod.java:252) ~[spring-web-7.0.7.jar:7.0.7]
	at org.springframework.web.method.support.InvocableHandlerMethod.invokeForRequest(InvocableHandlerMethod.java:184) ~[spring-web-7.0.7.jar:7.0.7]
	at org.springframework.web.servlet.mvc.method.annotation.ServletInvocableHandlerMethod.invokeAndHandle(ServletInvocableHandlerMethod.java:117) ~[spring-webmvc-7.0.7.jar:7.0.7]
	at org.springframework.web.servlet.mvc.method.annotation.RequestMappingHandlerAdapter.invokeHandlerMethod(RequestMappingHandlerAdapter.java:934) ~[spring-webmvc-7.0.7.jar:7.0.7]
	at org.springframework.web.servlet.mvc.method.annotation.RequestMappingHandlerAdapter.handleInternal(RequestMappingHandlerAdapter.java:853) ~[spring-webmvc-7.0.7.jar:7.0.7]
	at org.springframework.web.servlet.mvc.method.AbstractHandlerMethodAdapter.handle(AbstractHandlerMethodAdapter.java:86) ~[spring-webmvc-7.0.7.jar:7.0.7]
	at org.springframework.web.servlet.DispatcherServlet.doDispatch(DispatcherServlet.java:963) ~[spring-webmvc-7.0.7.jar:7.0.7]
	at org.springframework.web.servlet.DispatcherServlet.doService(DispatcherServlet.java:866) ~[spring-webmvc-7.0.7.jar:7.0.7]
	at org.springframework.web.servlet.FrameworkServlet.processRequest(FrameworkServlet.java:1000) ~[spring-webmvc-7.0.7.jar:7.0.7]
	at org.springframework.web.servlet.FrameworkServlet.doPost(FrameworkServlet.java:903) ~[spring-webmvc-7.0.7.jar:7.0.7]
	at jakarta.servlet.http.HttpServlet.service(HttpServlet.java:649) ~[tomcat-embed-core-11.0.21.jar:6.1]
	at org.springframework.web.servlet.FrameworkServlet.service(FrameworkServlet.java:874) ~[spring-webmvc-7.0.7.jar:7.0.7]
	at jakarta.servlet.http.HttpServlet.service(HttpServlet.java:710) ~[tomcat-embed-core-11.0.21.jar:6.1]
	at org.apache.catalina.core.ApplicationFilterChain.doFilter(ApplicationFilterChain.java:128) ~[tomcat-embed-core-11.0.21.jar:11.0.21]
	at org.apache.tomcat.websocket.server.WsFilter.doFilter(WsFilter.java:53) ~[tomcat-embed-websocket-11.0.21.jar:11.0.21]
	at org.apache.catalina.core.ApplicationFilterChain.doFilter(ApplicationFilterChain.java:107) ~[tomcat-embed-core-11.0.21.jar:11.0.21]
	at org.springframework.web.filter.RequestContextFilter.doFilterInternal(RequestContextFilter.java:100) ~[spring-web-7.0.7.jar:7.0.7]
	at org.springframework.web.filter.OncePerRequestFilter.doFilter(OncePerRequestFilter.java:116) ~[spring-web-7.0.7.jar:7.0.7]
	at org.apache.catalina.core.ApplicationFilterChain.doFilter(ApplicationFilterChain.java:107) ~[tomcat-embed-core-11.0.21.jar:11.0.21]
	at org.springframework.web.filter.FormContentFilter.doFilterInternal(FormContentFilter.java:93) ~[spring-web-7.0.7.jar:7.0.7]
	at org.springframework.web.filter.OncePerRequestFilter.doFilter(OncePerRequestFilter.java:116) ~[spring-web-7.0.7.jar:7.0.7]
	at org.apache.catalina.core.ApplicationFilterChain.doFilter(ApplicationFilterChain.java:107) ~[tomcat-embed-core-11.0.21.jar:11.0.21]
	at org.springframework.web.filter.CharacterEncodingFilter.doFilterInternal(CharacterEncodingFilter.java:199) ~[spring-web-7.0.7.jar:7.0.7]
	at org.springframework.web.filter.OncePerRequestFilter.doFilter(OncePerRequestFilter.java:116) ~[spring-web-7.0.7.jar:7.0.7]
	at org.apache.catalina.core.ApplicationFilterChain.doFilter(ApplicationFilterChain.java:107) ~[tomcat-embed-core-11.0.21.jar:11.0.21]
	at org.apache.catalina.core.StandardWrapperValve.invoke(StandardWrapperValve.java:165) ~[tomcat-embed-core-11.0.21.jar:11.0.21]
	at org.apache.catalina.core.StandardContextValve.invoke(StandardContextValve.java:77) ~[tomcat-embed-core-11.0.21.jar:11.0.21]
	at org.apache.catalina.authenticator.AuthenticatorBase.invoke(AuthenticatorBase.java:492) ~[tomcat-embed-core-11.0.21.jar:11.0.21]
	at org.apache.catalina.core.StandardHostValve.invoke(StandardHostValve.java:113) ~[tomcat-embed-core-11.0.21.jar:11.0.21]
	at org.apache.catalina.valves.ErrorReportValve.invoke(ErrorReportValve.java:83) ~[tomcat-embed-core-11.0.21.jar:11.0.21]
	at org.apache.catalina.core.StandardEngineValve.invoke(StandardEngineValve.java:72) ~[tomcat-embed-core-11.0.21.jar:11.0.21]
	at org.apache.catalina.connector.CoyoteAdapter.service(CoyoteAdapter.java:341) ~[tomcat-embed-core-11.0.21.jar:11.0.21]
	at org.apache.coyote.http11.Http11Processor.service(Http11Processor.java:397) ~[tomcat-embed-core-11.0.21.jar:11.0.21]
	at org.apache.coyote.AbstractProcessorLight.process(AbstractProcessorLight.java:63) ~[tomcat-embed-core-11.0.21.jar:11.0.21]
	at org.apache.coyote.AbstractProtocol$ConnectionHandler.process(AbstractProtocol.java:903) ~[tomcat-embed-core-11.0.21.jar:11.0.21]
	at org.apache.tomcat.util.net.NioEndpoint$SocketProcessor.doRun(NioEndpoint.java:1801) ~[tomcat-embed-core-11.0.21.jar:11.0.21]
	at org.apache.tomcat.util.net.SocketProcessorBase.run(SocketProcessorBase.java:52) ~[tomcat-embed-core-11.0.21.jar:11.0.21]
	at org.apache.tomcat.util.threads.ThreadPoolExecutor.runWorker(ThreadPoolExecutor.java:946) ~[tomcat-embed-core-11.0.21.jar:11.0.21]
	at org.apache.tomcat.util.threads.ThreadPoolExecutor$Worker.run(ThreadPoolExecutor.java:480) ~[tomcat-embed-core-11.0.21.jar:11.0.21]
	at org.apache.tomcat.util.threads.TaskThread$WrappingRunnable.run(TaskThread.java:57) ~[tomcat-embed-core-11.0.21.jar:11.0.21]
	at java.base/java.lang.Thread.run(Thread.java:1474) ~[na:na]

]]></system-out>
  </testcase>
  <testcase name="Login state returns false when not authenticated" classname="Spotify authentication" time="0.02"/>
  <testcase name="The login URL asks Spotify for the scopes the application needs" classname="Spotify authentication" time="0.019"/>
  <testcase name="The user can exchange an authorisation code for tokens" classname="Spotify authentication" time="0.245">
    <system-out><![CDATA[2026-07-29T10:16:44.576Z  INFO 552 --- [           main] t.c.i.s.steps.WiremockSteps              : Stubbed POST URL: /api/token with data from spotify/token/token-response.json
2026-07-29T10:16:44.580Z  INFO 552 --- [io-28080-exec-4] t.c.s.restful.SpotifyAuthController      : Refresh credentials expire in: 3600
]]></system-out>
  </testcase>
  <testcase name="A failed code exchange leaves the user logged out" classname="Spotify authentication" time="2.256">
    <system-out><![CDATA[2026-07-29T10:16:44.824Z  INFO 552 --- [           main] t.c.i.s.steps.WiremockSteps              : Stubbed POST URL: /api/token with status 400
2026-07-29T10:16:44.827Z ERROR 552 --- [io-28080-exec-7] t.c.s.restful.SpotifyAuthController      : Error in authentication

se.michaelthelin.spotify.exceptions.detailed.BadRequestException: stubbed failure
	at se.michaelthelin.spotify.SpotifyHttpManager.getResponseBody(SpotifyHttpManager.java:320) ~[spotify-web-api-java-7.2.0.jar:na]
	at se.michaelthelin.spotify.SpotifyHttpManager.post(SpotifyHttpManager.java:183) ~[spotify-web-api-java-7.2.0.jar:na]
	at to.charlie.integrationTests.spotifyPlayHistory.utilities.RewritingHttpManager.post(RewritingHttpManager.java:48) ~[test-classes/:na]
	at se.michaelthelin.spotify.requests.AbstractRequest.postJson(AbstractRequest.java:121) ~[spotify-web-api-java-7.2.0.jar:na]
	at se.michaelthelin.spotify.requests.authorization.authorization_code.AuthorizationCodeRequest.execute(AuthorizationCodeRequest.java:37) ~[spotify-web-api-java-7.2.0.jar:na]
	at to.charlie.spotifyplayhistory.restful.SpotifyAuthController.getSpotifyUserCode(SpotifyAuthController.java:82) ~[spotify-history-application-0.0.1-SNAPSHOT.jar:0.0.1-SNAPSHOT]
	at java.base/jdk.internal.reflect.DirectMethodHandleAccessor.invoke(DirectMethodHandleAccessor.java:104) ~[na:na]
	at java.base/java.lang.reflect.Method.invoke(Method.java:565) ~[na:na]
	at org.springframework.web.method.support.InvocableHandlerMethod.doInvoke(InvocableHandlerMethod.java:252) ~[spring-web-7.0.7.jar:7.0.7]
	at org.springframework.web.method.support.InvocableHandlerMethod.invokeForRequest(InvocableHandlerMethod.java:184) ~[spring-web-7.0.7.jar:7.0.7]
	at org.springframework.web.servlet.mvc.method.annotation.ServletInvocableHandlerMethod.invokeAndHandle(ServletInvocableHandlerMethod.java:117) ~[spring-webmvc-7.0.7.jar:7.0.7]
	at org.springframework.web.servlet.mvc.method.annotation.RequestMappingHandlerAdapter.invokeHandlerMethod(RequestMappingHandlerAdapter.java:934) ~[spring-webmvc-7.0.7.jar:7.0.7]
	at org.springframework.web.servlet.mvc.method.annotation.RequestMappingHandlerAdapter.handleInternal(RequestMappingHandlerAdapter.java:853) ~[spring-webmvc-7.0.7.jar:7.0.7]
	at org.springframework.web.servlet.mvc.method.AbstractHandlerMethodAdapter.handle(AbstractHandlerMethodAdapter.java:86) ~[spring-webmvc-7.0.7.jar:7.0.7]
	at org.springframework.web.servlet.DispatcherServlet.doDispatch(DispatcherServlet.java:963) ~[spring-webmvc-7.0.7.jar:7.0.7]
	at org.springframework.web.servlet.DispatcherServlet.doService(DispatcherServlet.java:866) ~[spring-webmvc-7.0.7.jar:7.0.7]
	at org.springframework.web.servlet.FrameworkServlet.processRequest(FrameworkServlet.java:1000) ~[spring-webmvc-7.0.7.jar:7.0.7]
	at org.springframework.web.servlet.FrameworkServlet.doGet(FrameworkServlet.java:892) ~[spring-webmvc-7.0.7.jar:7.0.7]
	at jakarta.servlet.http.HttpServlet.service(HttpServlet.java:622) ~[tomcat-embed-core-11.0.21.jar:6.1]
	at org.springframework.web.servlet.FrameworkServlet.service(FrameworkServlet.java:874) ~[spring-webmvc-7.0.7.jar:7.0.7]
	at jakarta.servlet.http.HttpServlet.service(HttpServlet.java:710) ~[tomcat-embed-core-11.0.21.jar:6.1]
	at org.apache.catalina.core.ApplicationFilterChain.doFilter(ApplicationFilterChain.java:128) ~[tomcat-embed-core-11.0.21.jar:11.0.21]
	at org.apache.tomcat.websocket.server.WsFilter.doFilter(WsFilter.java:53) ~[tomcat-embed-websocket-11.0.21.jar:11.0.21]
	at org.apache.catalina.core.ApplicationFilterChain.doFilter(ApplicationFilterChain.java:107) ~[tomcat-embed-core-11.0.21.jar:11.0.21]
	at org.springframework.web.filter.RequestContextFilter.doFilterInternal(RequestContextFilter.java:100) ~[spring-web-7.0.7.jar:7.0.7]
	at org.springframework.web.filter.OncePerRequestFilter.doFilter(OncePerRequestFilter.java:116) ~[spring-web-7.0.7.jar:7.0.7]
	at org.apache.catalina.core.ApplicationFilterChain.doFilter(ApplicationFilterChain.java:107) ~[tomcat-embed-core-11.0.21.jar:11.0.21]
	at org.springframework.web.filter.FormContentFilter.doFilterInternal(FormContentFilter.java:93) ~[spring-web-7.0.7.jar:7.0.7]
	at org.springframework.web.filter.OncePerRequestFilter.doFilter(OncePerRequestFilter.java:116) ~[spring-web-7.0.7.jar:7.0.7]
	at org.apache.catalina.core.ApplicationFilterChain.doFilter(ApplicationFilterChain.java:107) ~[tomcat-embed-core-11.0.21.jar:11.0.21]
	at org.springframework.web.filter.CharacterEncodingFilter.doFilterInternal(CharacterEncodingFilter.java:199) ~[spring-web-7.0.7.jar:7.0.7]
	at org.springframework.web.filter.OncePerRequestFilter.doFilter(OncePerRequestFilter.java:116) ~[spring-web-7.0.7.jar:7.0.7]
	at org.apache.catalina.core.ApplicationFilterChain.doFilter(ApplicationFilterChain.java:107) ~[tomcat-embed-core-11.0.21.jar:11.0.21]
	at org.apache.catalina.core.StandardWrapperValve.invoke(StandardWrapperValve.java:165) ~[tomcat-embed-core-11.0.21.jar:11.0.21]
	at org.apache.catalina.core.StandardContextValve.invoke(StandardContextValve.java:77) ~[tomcat-embed-core-11.0.21.jar:11.0.21]
	at org.apache.catalina.authenticator.AuthenticatorBase.invoke(AuthenticatorBase.java:492) ~[tomcat-embed-core-11.0.21.jar:11.0.21]
	at org.apache.catalina.core.StandardHostValve.invoke(StandardHostValve.java:113) ~[tomcat-embed-core-11.0.21.jar:11.0.21]
	at org.apache.catalina.valves.ErrorReportValve.invoke(ErrorReportValve.java:83) ~[tomcat-embed-core-11.0.21.jar:11.0.21]
	at org.apache.catalina.core.StandardEngineValve.invoke(StandardEngineValve.java:72) ~[tomcat-embed-core-11.0.21.jar:11.0.21]
	at org.apache.catalina.connector.CoyoteAdapter.service(CoyoteAdapter.java:341) ~[tomcat-embed-core-11.0.21.jar:11.0.21]
	at org.apache.coyote.http11.Http11Processor.service(Http11Processor.java:397) ~[tomcat-embed-core-11.0.21.jar:11.0.21]
	at org.apache.coyote.AbstractProcessorLight.process(AbstractProcessorLight.java:63) ~[tomcat-embed-core-11.0.21.jar:11.0.21]
	at org.apache.coyote.AbstractProtocol$ConnectionHandler.process(AbstractProtocol.java:903) ~[tomcat-embed-core-11.0.21.jar:11.0.21]
	at org.apache.tomcat.util.net.NioEndpoint$SocketProcessor.doRun(NioEndpoint.java:1801) ~[tomcat-embed-core-11.0.21.jar:11.0.21]
	at org.apache.tomcat.util.net.SocketProcessorBase.run(SocketProcessorBase.java:52) ~[tomcat-embed-core-11.0.21.jar:11.0.21]
	at org.apache.tomcat.util.threads.ThreadPoolExecutor.runWorker(ThreadPoolExecutor.java:946) ~[tomcat-embed-core-11.0.21.jar:11.0.21]
	at org.apache.tomcat.util.threads.ThreadPoolExecutor$Worker.run(ThreadPoolExecutor.java:480) ~[tomcat-embed-core-11.0.21.jar:11.0.21]
	at org.apache.tomcat.util.threads.TaskThread$WrappingRunnable.run(TaskThread.java:57) ~[tomcat-embed-core-11.0.21.jar:11.0.21]
	at java.base/java.lang.Thread.run(Thread.java:1474) ~[na:na]

]]></system-out>
  </testcase>
  <testcase name="The scheduled token refresh gets a new access token" classname="Spotify authentication" time="0.192">
    <system-out><![CDATA[2026-07-29T10:16:47.109Z  INFO 552 --- [           main] t.c.i.s.steps.WiremockSteps              : Stubbed POST URL: /api/token with data from spotify/token/token-response.json
2026-07-29T10:16:47.120Z  INFO 552 --- [io-28080-exec-8] t.c.s.restful.SpotifyAuthController      : Refresh credentials expire in: 3600
2026-07-29T10:16:47.123Z  INFO 552 --- [           main] t.c.i.s.steps.WiremockSteps              : Stubbed POST URL: /api/token with data from spotify/token/refreshed-token-response.json
2026-07-29T10:16:47.124Z  INFO 552 --- [           main] t.c.s.domain.service.SpotifyApiService   : Refreshing access token
2026-07-29T10:16:47.127Z  INFO 552 --- [pool-6-thread-2] t.c.s.domain.service.SpotifyApiService   : Refreshed token expires in: 3600
]]></system-out>
  </testcase>
</testsuite>